18:43:45.079  INFO  manager.ApplicationManager - All tests start in  ChromeDriver
18:43:49.136  INFO  manager.ApplicationManager - The current url is --->https://ilcarro-1578153671498.web.app/search
18:43:49.177  INFO  TestBase - Start Method with name --->addCarSuccess
18:43:49.180  INFO  manager.ListenerWD - Before Find Elements By -->By.xpath: //a[text()=' Logout ']
18:43:54.238  INFO  manager.ListenerWD - After Find Elements By -->By.xpath: //a[text()=' Logout ']
18:43:54.239  INFO  manager.ListenerWD - List size is -->0
18:43:54.241  INFO  manager.ListenerWD - Before Find Element By -->By.cssSelector: a[href ^='/login']
18:43:54.274  INFO  manager.ListenerWD - After Find Element By -->By.cssSelector: a[href ^='/login']
18:43:54.374  INFO  manager.ListenerWD - Before Find Element By -->By.id: email
18:43:54.430  INFO  manager.ListenerWD - After Find Element By -->By.id: email
18:43:54.860  INFO  manager.ListenerWD - Before Find Element By -->By.id: password
18:43:54.919  INFO  manager.ListenerWD - After Find Element By -->By.id: password
18:43:55.194  INFO  manager.ListenerWD - Before Find Element By -->By.cssSelector: button[type='submit']
18:43:55.280  INFO  manager.ListenerWD - After Find Element By -->By.cssSelector: button[type='submit']
18:43:55.347  INFO  manager.ListenerWD - Before Find Element By -->By.cssSelector: button[type='submit']
18:43:55.372  INFO  manager.ListenerWD - After Find Element By -->By.cssSelector: button[type='submit']
18:43:55.486  INFO  manager.ListenerWD - Before Find Elements By -->By.xpath: //button[text()='Ok']
18:43:56.643  INFO  manager.ListenerWD - After Find Elements By -->By.xpath: //button[text()='Ok']
18:43:56.644  INFO  manager.ListenerWD - List size is -->1
18:43:56.644  INFO  manager.ListenerWD - Before Find Element By -->By.xpath: //button[text()='Ok']
18:43:56.683  INFO  manager.ListenerWD - After Find Element By -->By.xpath: //button[text()='Ok']
18:43:56.735  INFO  manager.HelperBase - Click OK button was needed
18:43:56.736  INFO  TestBase - The login was needed with user : User{name='null', lastname='null', email='noa@gmail.com', password='Nnoa12345$', phone='null'}
18:43:56.739  INFO  TestBase - The test used car model : Car(location=Haifa, Israel, make=BMW, model=M5, year=2020, engine=2.5, fuel=Petrol, gear=AT, wD=AWD, doors=5, seats=4, clasS=C, fuelConsumption=6.5, carRegistrationNumber=11-000-863, price=65, distanceIncluded=800, features=Type of features, about=very nice car)
18:43:57.245  INFO  manager.ListenerWD - Before Find Element By -->By.id: 1
18:43:57.276  INFO  manager.ListenerWD - After Find Element By -->By.id: 1
18:43:57.465  INFO  manager.ListenerWD - Before Find Element By -->By.id: pickUpPlace
18:43:57.505  INFO  manager.ListenerWD - After Find Element By -->By.id: pickUpPlace
18:43:57.844  INFO  manager.ListenerWD - Before Find Element By -->By.cssSelector: div.pac-item
18:43:58.279  INFO  manager.ListenerWD - After Find Element By -->By.cssSelector: div.pac-item
18:43:58.883  INFO  manager.ListenerWD - Before Find Element By -->By.id: make
18:43:58.917  INFO  manager.ListenerWD - After Find Element By -->By.id: make
18:43:59.208  INFO  manager.ListenerWD - Before Find Element By -->By.id: model
18:43:59.271  INFO  manager.ListenerWD - After Find Element By -->By.id: model
18:43:59.587  INFO  manager.ListenerWD - Before Find Element By -->By.id: year
18:43:59.665  INFO  manager.ListenerWD - After Find Element By -->By.id: year
18:44:00.375  INFO  manager.ListenerWD - Before Find Element By -->By.id: engine
18:44:00.414  INFO  manager.ListenerWD - After Find Element By -->By.id: engine
18:44:00.996  INFO  manager.ListenerWD - Before Find Element By -->By.id: fuel
18:44:01.052  INFO  manager.ListenerWD - After Find Element By -->By.id: fuel
18:44:01.260  INFO  manager.ListenerWD - Before Find Element By -->By.id: gear
18:44:01.422  INFO  manager.ListenerWD - After Find Element By -->By.id: gear
18:44:01.623  INFO  manager.ListenerWD - Before Find Element By -->By.id: wheelsDrive
18:44:01.690  INFO  manager.ListenerWD - After Find Element By -->By.id: wheelsDrive
18:44:02.040  INFO  manager.ListenerWD - Before Find Element By -->By.id: doors
18:44:02.143  INFO  manager.ListenerWD - After Find Element By -->By.id: doors
18:44:02.784  INFO  manager.ListenerWD - Before Find Element By -->By.id: seats
18:44:02.825  INFO  manager.ListenerWD - After Find Element By -->By.id: seats
18:44:03.292  INFO  manager.ListenerWD - Before Find Element By -->By.id: class
18:44:03.336  INFO  manager.ListenerWD - After Find Element By -->By.id: class
18:44:03.611  INFO  manager.ListenerWD - Before Find Element By -->By.id: fuelConsumption
18:44:03.648  INFO  manager.ListenerWD - After Find Element By -->By.id: fuelConsumption
18:44:04.073  INFO  manager.ListenerWD - Before Find Element By -->By.id: serialNumber
18:44:04.103  INFO  manager.ListenerWD - After Find Element By -->By.id: serialNumber
18:44:04.414  INFO  manager.ListenerWD - Before Find Element By -->By.id: price
18:44:04.459  INFO  manager.ListenerWD - After Find Element By -->By.id: price
18:44:04.770  INFO  manager.ListenerWD - Before Find Element By -->By.id: distance
18:44:04.803  INFO  manager.ListenerWD - After Find Element By -->By.id: distance
18:44:05.180  INFO  manager.ListenerWD - Before Find Element By -->By.cssSelector: .feature-input
18:44:05.241  INFO  manager.ListenerWD - After Find Element By -->By.cssSelector: .feature-input
18:44:05.521  INFO  manager.ListenerWD - Before Find Element By -->By.id: about
18:44:05.563  INFO  manager.ListenerWD - After Find Element By -->By.id: about
18:44:05.785  INFO  manager.ListenerWD - Before Find Element By -->By.id: photos
18:44:05.826  INFO  manager.ListenerWD - After Find Element By -->By.id: photos
18:44:05.948  INFO  manager.ListenerWD - Before Find Element By -->By.cssSelector: button[type='submit']
18:44:05.988  INFO  manager.ListenerWD - After Find Element By -->By.cssSelector: button[type='submit']
18:44:07.620  INFO  manager.ListenerWD - Before Find Element By -->By.cssSelector: button[type='submit']
18:44:07.637  INFO  manager.ListenerWD - After Find Element By -->By.cssSelector: button[type='submit']
18:44:07.747  INFO  manager.ListenerWD - Before Find Element By -->By.cssSelector: div.dialog-container
18:44:09.467  INFO  manager.ListenerWD - After Find Element By -->By.cssSelector: div.dialog-container
18:44:09.493  INFO  manager.ListenerWD - Before Find Element By -->By.cssSelector: div.dialog-container>h1
18:44:09.538  INFO  manager.ListenerWD - After Find Element By -->By.cssSelector: div.dialog-container>h1
18:44:09.579  INFO  TestBase - In assert checked message 'Car added' in dialog  
18:44:09.584  INFO  manager.ListenerWD - Before Find Element By -->By.xpath: //button[text()='Search cars']
18:44:09.620  INFO  manager.ListenerWD - After Find Element By -->By.xpath: //button[text()='Search cars']
18:44:09.706  INFO  manager.HelperBase - We returned to Home Page
18:44:09.725  INFO  TestBase - Start Method with name --->addCarSuccessDP
18:44:09.727  INFO  manager.ListenerWD - Before Find Elements By -->By.xpath: //a[text()=' Logout ']
18:44:09.771  INFO  manager.ListenerWD - After Find Elements By -->By.xpath: //a[text()=' Logout ']
18:44:09.771  INFO  manager.ListenerWD - List size is -->1
18:44:09.772  INFO  TestBase - The test used car model : Car(location=Haifa, Israel, make=BMW, model=M5, year=2020, engine=2.5, fuel=Petrol, gear=AT, wD=AWD, doors=5, seats=4, clasS=C, fuelConsumption=6.5, carRegistrationNumber=111-899-1158, price=65, distanceIncluded=5, features=800, about=Type of features)
18:44:10.273  INFO  manager.ListenerWD - Before Find Element By -->By.id: 1
18:44:10.303  INFO  manager.ListenerWD - After Find Element By -->By.id: 1
18:44:10.438  INFO  manager.ListenerWD - Before Find Element By -->By.id: pickUpPlace
18:44:10.464  INFO  manager.ListenerWD - After Find Element By -->By.id: pickUpPlace
18:44:10.746  INFO  manager.ListenerWD - Before Find Element By -->By.cssSelector: div.pac-item
18:44:11.004  INFO  manager.ListenerWD - After Find Element By -->By.cssSelector: div.pac-item
18:44:11.623  INFO  manager.ListenerWD - Before Find Element By -->By.id: make
18:44:11.640  INFO  manager.ListenerWD - After Find Element By -->By.id: make
18:44:11.900  INFO  manager.ListenerWD - Before Find Element By -->By.id: model
18:44:11.943  INFO  manager.ListenerWD - After Find Element By -->By.id: model
18:44:12.189  INFO  manager.ListenerWD - Before Find Element By -->By.id: year
18:44:12.227  INFO  manager.ListenerWD - After Find Element By -->By.id: year
18:44:12.707  INFO  manager.ListenerWD - Before Find Element By -->By.id: engine
18:44:12.747  INFO  manager.ListenerWD - After Find Element By -->By.id: engine
18:44:13.041  INFO  manager.ListenerWD - Before Find Element By -->By.id: fuel
18:44:13.066  INFO  manager.ListenerWD - After Find Element By -->By.id: fuel
18:44:13.265  INFO  manager.ListenerWD - Before Find Element By -->By.id: gear
18:44:13.310  INFO  manager.ListenerWD - After Find Element By -->By.id: gear
18:44:13.508  INFO  manager.ListenerWD - Before Find Element By -->By.id: wheelsDrive
18:44:13.538  INFO  manager.ListenerWD - After Find Element By -->By.id: wheelsDrive
18:44:13.722  INFO  manager.ListenerWD - Before Find Element By -->By.id: doors
18:44:13.750  INFO  manager.ListenerWD - After Find Element By -->By.id: doors
18:44:14.151  INFO  manager.ListenerWD - Before Find Element By -->By.id: seats
18:44:14.174  INFO  manager.ListenerWD - After Find Element By -->By.id: seats
18:44:14.455  INFO  manager.ListenerWD - Before Find Element By -->By.id: class
18:44:14.503  INFO  manager.ListenerWD - After Find Element By -->By.id: class
18:44:14.837  INFO  manager.ListenerWD - Before Find Element By -->By.id: fuelConsumption
18:44:14.887  INFO  manager.ListenerWD - After Find Element By -->By.id: fuelConsumption
18:44:15.277  INFO  manager.ListenerWD - Before Find Element By -->By.id: serialNumber
18:44:15.306  INFO  manager.ListenerWD - After Find Element By -->By.id: serialNumber
18:44:15.656  INFO  manager.ListenerWD - Before Find Element By -->By.id: price
18:44:15.693  INFO  manager.ListenerWD - After Find Element By -->By.id: price
18:44:16.111  INFO  manager.ListenerWD - Before Find Element By -->By.id: distance
18:44:16.148  INFO  manager.ListenerWD - After Find Element By -->By.id: distance
18:44:16.389  INFO  manager.ListenerWD - Before Find Element By -->By.cssSelector: .feature-input
18:44:16.421  INFO  manager.ListenerWD - After Find Element By -->By.cssSelector: .feature-input
18:44:16.651  INFO  manager.ListenerWD - Before Find Element By -->By.id: about
18:44:16.677  INFO  manager.ListenerWD - After Find Element By -->By.id: about
18:44:16.965  INFO  manager.ListenerWD - Before Find Element By -->By.id: photos
18:44:17.011  INFO  manager.ListenerWD - After Find Element By -->By.id: photos
18:44:17.095  INFO  manager.ListenerWD - Before Find Element By -->By.cssSelector: button[type='submit']
18:44:17.123  INFO  manager.ListenerWD - After Find Element By -->By.cssSelector: button[type='submit']
18:44:18.210  INFO  manager.ListenerWD - Before Find Element By -->By.cssSelector: button[type='submit']
18:44:18.221  INFO  manager.ListenerWD - After Find Element By -->By.cssSelector: button[type='submit']
18:44:18.313  INFO  manager.ListenerWD - Before Find Element By -->By.cssSelector: div.dialog-container
18:44:20.136  INFO  manager.ListenerWD - After Find Element By -->By.cssSelector: div.dialog-container
18:44:20.160  INFO  manager.ListenerWD - Before Find Element By -->By.cssSelector: div.dialog-container>h1
18:44:20.195  INFO  manager.ListenerWD - After Find Element By -->By.cssSelector: div.dialog-container>h1
18:44:20.224  INFO  TestBase - In assert checked message 'Car added' in dialog  
18:44:20.229  INFO  manager.ListenerWD - Before Find Element By -->By.xpath: //button[text()='Search cars']
18:44:20.262  INFO  manager.ListenerWD - After Find Element By -->By.xpath: //button[text()='Search cars']
18:44:20.379  INFO  manager.HelperBase - We returned to Home Page
18:44:20.380  INFO  TestBase - Start Method with name --->addCarSuccessDP
18:44:20.381  INFO  manager.ListenerWD - Before Find Elements By -->By.xpath: //a[text()=' Logout ']
18:44:20.418  INFO  manager.ListenerWD - After Find Elements By -->By.xpath: //a[text()=' Logout ']
18:44:20.418  INFO  manager.ListenerWD - List size is -->1
18:44:20.419  INFO  TestBase - The test used car model : Car(location=Haifa, Israel, make=BMW, model=M5, year=2020, engine=2.5, fuel=Petrol, gear=AT, wD=AWD, doors=5, seats=4, clasS=C, fuelConsumption=6.5, carRegistrationNumber=111-899-1582, price=65, distanceIncluded=5, features=800, about=Type of features)
18:44:20.920  INFO  manager.ListenerWD - Before Find Element By -->By.id: 1
18:44:20.938  INFO  manager.ListenerWD - After Find Element By -->By.id: 1
18:44:21.030  INFO  manager.ListenerWD - Before Find Element By -->By.id: pickUpPlace
18:44:21.053  INFO  manager.ListenerWD - After Find Element By -->By.id: pickUpPlace
18:44:21.361  INFO  manager.ListenerWD - Before Find Element By -->By.cssSelector: div.pac-item
18:44:21.623  INFO  manager.ListenerWD - After Find Element By -->By.cssSelector: div.pac-item
18:44:22.241  INFO  manager.ListenerWD - Before Find Element By -->By.id: make
18:44:22.257  INFO  manager.ListenerWD - After Find Element By -->By.id: make
18:44:22.640  INFO  manager.ListenerWD - Before Find Element By -->By.id: model
18:44:22.665  INFO  manager.ListenerWD - After Find Element By -->By.id: model
18:44:22.861  INFO  manager.ListenerWD - Before Find Element By -->By.id: year
18:44:22.900  INFO  manager.ListenerWD - After Find Element By -->By.id: year
18:44:23.259  INFO  manager.ListenerWD - Before Find Element By -->By.id: engine
18:44:23.289  INFO  manager.ListenerWD - After Find Element By -->By.id: engine
18:44:23.606  INFO  manager.ListenerWD - Before Find Element By -->By.id: fuel
18:44:23.651  INFO  manager.ListenerWD - After Find Element By -->By.id: fuel
18:44:23.843  INFO  manager.ListenerWD - Before Find Element By -->By.id: gear
18:44:23.878  INFO  manager.ListenerWD - After Find Element By -->By.id: gear
18:44:24.084  INFO  manager.ListenerWD - Before Find Element By -->By.id: wheelsDrive
18:44:24.124  INFO  manager.ListenerWD - After Find Element By -->By.id: wheelsDrive
18:44:24.326  INFO  manager.ListenerWD - Before Find Element By -->By.id: doors
18:44:24.349  INFO  manager.ListenerWD - After Find Element By -->By.id: doors
18:44:24.694  INFO  manager.ListenerWD - Before Find Element By -->By.id: seats
18:44:24.721  INFO  manager.ListenerWD - After Find Element By -->By.id: seats
18:44:25.010  INFO  manager.ListenerWD - Before Find Element By -->By.id: class
18:44:25.044  INFO  manager.ListenerWD - After Find Element By -->By.id: class
18:44:25.446  INFO  manager.ListenerWD - Before Find Element By -->By.id: fuelConsumption
18:44:25.480  INFO  manager.ListenerWD - After Find Element By -->By.id: fuelConsumption
18:44:25.746  INFO  manager.ListenerWD - Before Find Element By -->By.id: serialNumber
18:44:25.774  INFO  manager.ListenerWD - After Find Element By -->By.id: serialNumber
18:44:26.118  INFO  manager.ListenerWD - Before Find Element By -->By.id: price
18:44:26.138  INFO  manager.ListenerWD - After Find Element By -->By.id: price
18:44:26.514  INFO  manager.ListenerWD - Before Find Element By -->By.id: distance
18:44:26.549  INFO  manager.ListenerWD - After Find Element By -->By.id: distance
18:44:26.887  INFO  manager.ListenerWD - Before Find Element By -->By.cssSelector: .feature-input
18:44:26.921  INFO  manager.ListenerWD - After Find Element By -->By.cssSelector: .feature-input
18:44:27.197  INFO  manager.ListenerWD - Before Find Element By -->By.id: about
18:44:27.252  INFO  manager.ListenerWD - After Find Element By -->By.id: about
18:44:27.527  INFO  manager.ListenerWD - Before Find Element By -->By.id: photos
18:44:27.552  INFO  manager.ListenerWD - After Find Element By -->By.id: photos
18:44:27.612  INFO  manager.ListenerWD - Before Find Element By -->By.cssSelector: button[type='submit']
18:44:27.635  INFO  manager.ListenerWD - After Find Element By -->By.cssSelector: button[type='submit']
18:44:28.717  INFO  manager.ListenerWD - Before Find Element By -->By.cssSelector: button[type='submit']
18:44:28.732  INFO  manager.ListenerWD - After Find Element By -->By.cssSelector: button[type='submit']
18:44:28.842  INFO  manager.ListenerWD - Before Find Element By -->By.cssSelector: div.dialog-container
18:44:30.239  INFO  manager.ListenerWD - After Find Element By -->By.cssSelector: div.dialog-container
18:44:30.272  INFO  manager.ListenerWD - Before Find Element By -->By.cssSelector: div.dialog-container>h1
18:44:30.290  INFO  manager.ListenerWD - After Find Element By -->By.cssSelector: div.dialog-container>h1
18:44:30.334  INFO  TestBase - In assert checked message 'Car added' in dialog  
18:44:30.335  INFO  manager.ListenerWD - Before Find Element By -->By.xpath: //button[text()='Search cars']
18:44:30.377  INFO  manager.ListenerWD - After Find Element By -->By.xpath: //button[text()='Search cars']
18:44:30.545  INFO  manager.HelperBase - We returned to Home Page
