18:56:55.661  INFO  manager.ApplicationManager - All tests start in  ChromeDriver
18:56:57.692  INFO  manager.ApplicationManager - The current url is --->https://ilcarro-1578153671498.web.app/search
18:56:57.728  INFO  TestBase - Start Method with name --->searchInPast
18:56:57.733  INFO  manager.ListenerWD - Before Find Element By -->By.id: city
18:56:57.793  INFO  manager.ListenerWD - After Find Element By -->By.id: city
18:56:58.374  INFO  manager.ListenerWD - Before Find Element By -->By.cssSelector: div.pac-item
18:56:58.901  INFO  manager.ListenerWD - After Find Element By -->By.cssSelector: div.pac-item
18:56:59.041  INFO  manager.ListenerWD - Before Find Element By -->By.id: dates
18:56:59.088  INFO  manager.ListenerWD - After Find Element By -->By.id: dates
18:56:59.703  INFO  manager.ListenerWD - Before Find Element By -->By.cssSelector: .cdk-overlay-container
18:56:59.791  INFO  manager.ListenerWD - After Find Element By -->By.cssSelector: .cdk-overlay-container
18:56:59.943  INFO  manager.ListenerWD - Before Find Element By -->By.cssSelector: button[type='submit']
18:56:59.977  INFO  manager.ListenerWD - After Find Element By -->By.cssSelector: button[type='submit']
18:57:00.054  INFO  manager.ListenerWD - Before Find Elements By -->By.cssSelector: button[disabled]
18:57:00.107  INFO  manager.ListenerWD - After Find Elements By -->By.cssSelector: button[disabled]
18:57:00.110  INFO  manager.ListenerWD - List size is -->1
18:57:00.111  INFO  manager.ListenerWD - Before Find Element By -->By.cssSelector: [type='submit']
18:57:00.150  INFO  manager.ListenerWD - After Find Element By -->By.cssSelector: [type='submit']
18:57:00.169  INFO  manager.ListenerWD - Before Find Element By -->By.cssSelector: div.ng-star-inserted
18:57:00.200  INFO  manager.ListenerWD - After Find Element By -->By.cssSelector: div.ng-star-inserted
18:57:00.238  INFO  manager.ListenerWD - Before Find Element By -->By.cssSelector: .header a.logo
18:57:00.313  INFO  manager.ListenerWD - After Find Element By -->By.cssSelector: .header a.logo
