16:52:51.390  INFO  manager.ApplicationManager - All tests start in  ChromeDriver
16:52:53.089  INFO  manager.ApplicationManager - The current url is --->https://ilcarro-1578153671498.web.app/search
16:52:53.124  INFO  TestBase - Start Method with name --->registrationWrongPassword
16:52:53.127  INFO  manager.ListenerWD - Before Find Elements By -->By.xpath: //a[text()=' Logout ']
16:52:58.175  INFO  manager.ListenerWD - After Find Elements By -->By.xpath: //a[text()=' Logout ']
16:52:58.178  INFO  manager.ListenerWD - List size is -->0
16:52:58.178  INFO  TestBase - The logout was needed 
16:52:58.195  INFO  TestBase - Registration  negative scenario with wrong password was used dataUser{name='Lila', lastname='Snow', email='lila@mail.com', password='Lila', phone='null'}
16:52:58.196  INFO  manager.ListenerWD - Before Find Element By -->By.xpath: //a[text()=' Sign up ']
16:52:58.234  INFO  manager.ListenerWD - After Find Element By -->By.xpath: //a[text()=' Sign up ']
16:52:58.320  INFO  manager.ListenerWD - Before Find Element By -->By.id: name
16:52:58.376  INFO  manager.ListenerWD - After Find Element By -->By.id: name
16:52:58.666  INFO  manager.ListenerWD - Before Find Element By -->By.id: lastName
16:52:58.705  INFO  manager.ListenerWD - After Find Element By -->By.id: lastName
16:52:58.822  INFO  manager.ListenerWD - Before Find Element By -->By.id: email
16:52:58.851  INFO  manager.ListenerWD - After Find Element By -->By.id: email
16:52:59.028  INFO  manager.ListenerWD - Before Find Element By -->By.id: password
16:52:59.063  INFO  manager.ListenerWD - After Find Element By -->By.id: password
16:52:59.196  INFO  manager.ListenerWD - Before Find Element By -->By.cssSelector: label[for='terms-of-use']
16:52:59.231  INFO  manager.ListenerWD - After Find Element By -->By.cssSelector: label[for='terms-of-use']
16:52:59.457  INFO  manager.ListenerWD - Before Find Element By -->By.cssSelector: button[type='submit']
16:52:59.489  INFO  manager.ListenerWD - After Find Element By -->By.cssSelector: button[type='submit']
16:52:59.525  INFO  manager.ListenerWD - Before Find Elements By -->By.cssSelector: button[disabled]
16:52:59.548  INFO  manager.ListenerWD - After Find Elements By -->By.cssSelector: button[disabled]
16:52:59.548  INFO  manager.ListenerWD - List size is -->1
16:52:59.548  INFO  manager.ListenerWD - Before Find Element By -->By.cssSelector: [type='submit']
16:52:59.574  INFO  manager.ListenerWD - After Find Element By -->By.cssSelector: [type='submit']
16:52:59.585  INFO  TestBase - The Y'alla button was not active
16:52:59.587  INFO  manager.ListenerWD - Before Find Elements By -->By.xpath: //button[text()='Ok']
16:53:04.625  INFO  manager.ListenerWD - After Find Elements By -->By.xpath: //button[text()='Ok']
16:53:04.625  INFO  manager.ListenerWD - List size is -->0
16:53:04.625  INFO  manager.HelperBase - Click OK button was needed
16:53:04.629  INFO  TestBase - Start Method with name --->loginSuccessModels
16:53:04.631  INFO  manager.ListenerWD - Before Find Elements By -->By.xpath: //a[text()=' Logout ']
16:53:09.655  INFO  manager.ListenerWD - After Find Elements By -->By.xpath: //a[text()=' Logout ']
16:53:09.655  INFO  manager.ListenerWD - List size is -->0
16:53:09.658  INFO  TestBase - Login scenario success was used dataUser{name='null', lastname='null', email='noa@gmail.com', password='Nnoa12345$', phone='null'}
16:53:09.659  INFO  manager.ListenerWD - Before Find Element By -->By.xpath: //a[text()='Log in']
16:53:09.683  INFO  manager.ListenerWD - After Find Element By -->By.xpath: //a[text()='Log in']
16:53:10.021  INFO  manager.ListenerWD - Before Find Element By -->By.id: email
16:53:10.056  INFO  manager.ListenerWD - After Find Element By -->By.id: email
16:53:10.275  INFO  manager.ListenerWD - Before Find Element By -->By.id: password
16:53:10.296  INFO  manager.ListenerWD - After Find Element By -->By.id: password
16:53:10.501  INFO  manager.ListenerWD - Before Find Element By -->By.cssSelector: button[type='submit']
16:53:10.534  INFO  manager.ListenerWD - After Find Element By -->By.cssSelector: button[type='submit']
16:53:10.607  INFO  manager.ListenerWD - Before Find Element By -->By.cssSelector: button[type='submit']
16:53:10.634  INFO  manager.ListenerWD - After Find Element By -->By.cssSelector: button[type='submit']
16:53:10.740  INFO  manager.ListenerWD - Before Find Element By -->By.cssSelector: div.dialog-container
16:53:11.912  INFO  manager.ListenerWD - After Find Element By -->By.cssSelector: div.dialog-container
16:53:11.944  INFO  manager.ListenerWD - Before Find Element By -->By.cssSelector: h2.message
16:53:11.967  INFO  manager.ListenerWD - After Find Element By -->By.cssSelector: h2.message
16:53:11.983  INFO  TestBase - In assert checked message 'Logged in success' in dialog  
16:53:11.984  INFO  manager.ListenerWD - Before Find Elements By -->By.xpath: //button[text()='Ok']
16:53:12.033  INFO  manager.ListenerWD - After Find Elements By -->By.xpath: //button[text()='Ok']
16:53:12.033  INFO  manager.ListenerWD - List size is -->1
16:53:12.034  INFO  manager.ListenerWD - Before Find Element By -->By.xpath: //button[text()='Ok']
16:53:12.069  INFO  manager.ListenerWD - After Find Element By -->By.xpath: //button[text()='Ok']
16:53:12.130  INFO  manager.HelperBase - Click OK button was needed
16:53:12.132  INFO  TestBase - Start Method with name --->addCarSuccess
16:53:12.133  INFO  manager.ListenerWD - Before Find Elements By -->By.xpath: //a[text()=' Logout ']
16:53:12.150  INFO  manager.ListenerWD - After Find Elements By -->By.xpath: //a[text()=' Logout ']
16:53:12.151  INFO  manager.ListenerWD - List size is -->1
16:53:12.206  INFO  TestBase - The test used car model : Car(location=Haifa, Israel, make=BMW, model=M5, year=2020, engine=2.5, fuel=Petrol, gear=AT, wD=AWD, doors=5, seats=4, clasS=C, fuelConsumption=6.5, carRegistrationNumber=11-000-1185, price=65, distanceIncluded=800, features=Type of features, about=very nice car)
16:53:12.708  INFO  manager.ListenerWD - Before Find Element By -->By.id: 1
16:53:12.732  INFO  manager.ListenerWD - After Find Element By -->By.id: 1
16:53:12.825  INFO  manager.ListenerWD - Before Find Element By -->By.id: pickUpPlace
16:53:12.849  INFO  manager.ListenerWD - After Find Element By -->By.id: pickUpPlace
16:53:13.073  INFO  manager.ListenerWD - Before Find Element By -->By.cssSelector: div.pac-item
16:53:13.440  INFO  manager.ListenerWD - After Find Element By -->By.cssSelector: div.pac-item
16:53:14.026  INFO  manager.ListenerWD - Before Find Element By -->By.id: make
16:53:14.051  INFO  manager.ListenerWD - After Find Element By -->By.id: make
16:53:14.232  INFO  manager.ListenerWD - Before Find Element By -->By.id: model
16:53:14.258  INFO  manager.ListenerWD - After Find Element By -->By.id: model
16:53:14.398  INFO  manager.ListenerWD - Before Find Element By -->By.id: year
16:53:14.423  INFO  manager.ListenerWD - After Find Element By -->By.id: year
16:53:14.611  INFO  manager.ListenerWD - Before Find Element By -->By.id: engine
16:53:14.637  INFO  manager.ListenerWD - After Find Element By -->By.id: engine
16:53:14.843  INFO  manager.ListenerWD - Before Find Element By -->By.id: fuel
16:53:14.869  INFO  manager.ListenerWD - After Find Element By -->By.id: fuel
16:53:15.024  INFO  manager.ListenerWD - Before Find Element By -->By.id: gear
16:53:15.052  INFO  manager.ListenerWD - After Find Element By -->By.id: gear
16:53:15.153  INFO  manager.ListenerWD - Before Find Element By -->By.id: wheelsDrive
16:53:15.184  INFO  manager.ListenerWD - After Find Element By -->By.id: wheelsDrive
16:53:15.273  INFO  manager.ListenerWD - Before Find Element By -->By.id: doors
16:53:15.297  INFO  manager.ListenerWD - After Find Element By -->By.id: doors
16:53:15.486  INFO  manager.ListenerWD - Before Find Element By -->By.id: seats
16:53:15.514  INFO  manager.ListenerWD - After Find Element By -->By.id: seats
16:53:15.657  INFO  manager.ListenerWD - Before Find Element By -->By.id: class
16:53:15.684  INFO  manager.ListenerWD - After Find Element By -->By.id: class
16:53:15.829  INFO  manager.ListenerWD - Before Find Element By -->By.id: fuelConsumption
16:53:15.859  INFO  manager.ListenerWD - After Find Element By -->By.id: fuelConsumption
16:53:16.068  INFO  manager.ListenerWD - Before Find Element By -->By.id: serialNumber
16:53:16.100  INFO  manager.ListenerWD - After Find Element By -->By.id: serialNumber
16:53:16.285  INFO  manager.ListenerWD - Before Find Element By -->By.id: price
16:53:16.319  INFO  manager.ListenerWD - After Find Element By -->By.id: price
16:53:16.530  INFO  manager.ListenerWD - Before Find Element By -->By.id: distance
16:53:16.556  INFO  manager.ListenerWD - After Find Element By -->By.id: distance
16:53:16.721  INFO  manager.ListenerWD - Before Find Element By -->By.cssSelector: .feature-input
16:53:16.747  INFO  manager.ListenerWD - After Find Element By -->By.cssSelector: .feature-input
16:53:16.923  INFO  manager.ListenerWD - Before Find Element By -->By.id: about
16:53:16.946  INFO  manager.ListenerWD - After Find Element By -->By.id: about
16:53:17.083  INFO  manager.ListenerWD - Before Find Element By -->By.id: photos
16:53:17.112  INFO  manager.ListenerWD - After Find Element By -->By.id: photos
16:53:17.175  INFO  manager.ListenerWD - Before Find Element By -->By.cssSelector: button[type='submit']
16:53:17.200  INFO  manager.ListenerWD - After Find Element By -->By.cssSelector: button[type='submit']
16:53:18.285  INFO  manager.ListenerWD - Before Find Element By -->By.cssSelector: button[type='submit']
16:53:18.314  INFO  manager.ListenerWD - After Find Element By -->By.cssSelector: button[type='submit']
16:53:18.391  INFO  manager.ListenerWD - Before Find Element By -->By.cssSelector: div.dialog-container
16:53:19.913  INFO  manager.ListenerWD - After Find Element By -->By.cssSelector: div.dialog-container
16:53:19.928  INFO  manager.ListenerWD - Before Find Element By -->By.cssSelector: div.dialog-container>h1
16:53:19.952  INFO  manager.ListenerWD - After Find Element By -->By.cssSelector: div.dialog-container>h1
16:53:19.968  INFO  TestBase - In assert checked message 'Car added' in dialog  
16:53:19.969  INFO  manager.ListenerWD - Before Find Element By -->By.xpath: //button[text()='Search cars']
16:53:19.990  INFO  manager.ListenerWD - After Find Element By -->By.xpath: //button[text()='Search cars']
16:53:20.034  INFO  manager.HelperBase - We returned to Home Page
16:53:20.038  INFO  TestBase - Start Method with name --->searchNextMonthSuccess
16:53:20.039  INFO  manager.ListenerWD - Before Find Element By -->By.cssSelector: .header a.logo
16:53:20.057  INFO  manager.ListenerWD - After Find Element By -->By.cssSelector: .header a.logo
16:53:20.451  INFO  manager.ListenerWD - Before Find Element By -->By.id: city
16:53:20.481  INFO  manager.ListenerWD - After Find Element By -->By.id: city
16:53:21.238  INFO  manager.ListenerWD - Before Find Element By -->By.cssSelector: div.pac-item
16:53:21.255  INFO  manager.ListenerWD - After Find Element By -->By.cssSelector: div.pac-item
16:53:21.295  INFO  manager.ListenerWD - Before Find Element By -->By.id: dates
16:53:21.346  INFO  manager.ListenerWD - After Find Element By -->By.id: dates
16:53:21.347  INFO  manager.HelperBase - OS is --->Mac OS X
16:53:21.487  INFO  manager.ListenerWD - Before Find Element By -->By.id: dates
16:53:21.511  INFO  manager.ListenerWD - After Find Element By -->By.id: dates
16:53:21.652  INFO  manager.ListenerWD - Before Find Element By -->By.cssSelector: button[aria-label='Next month']
16:53:21.673  INFO  manager.ListenerWD - After Find Element By -->By.cssSelector: button[aria-label='Next month']
16:53:21.742  INFO  manager.ListenerWD - Before Find Element By -->By.xpath: //div[text()=' 25 ']
16:53:21.769  INFO  manager.ListenerWD - After Find Element By -->By.xpath: //div[text()=' 25 ']
16:53:21.843  INFO  manager.ListenerWD - Before Find Element By -->By.xpath: //div[text()=' 30 ']
16:53:21.865  INFO  manager.ListenerWD - After Find Element By -->By.xpath: //div[text()=' 30 ']
16:53:21.986  INFO  manager.ListenerWD - Before Find Element By -->By.cssSelector: button[type='submit']
16:53:22.005  INFO  manager.ListenerWD - After Find Element By -->By.cssSelector: button[type='submit']
16:53:22.039  INFO  manager.ListenerWD - Before Find Element By -->By.cssSelector: button[type='submit']
16:53:22.059  INFO  manager.ListenerWD - After Find Element By -->By.cssSelector: button[type='submit']
16:53:22.169  INFO  manager.ListenerWD - Before Find Elements By -->By.cssSelector: a.car-container
16:53:23.189  INFO  manager.ListenerWD - After Find Elements By -->By.cssSelector: a.car-container
16:53:23.191  INFO  manager.ListenerWD - List size is -->10
