16:52:03.755  INFO  manager.ApplicationManager - All tests start in  ChromeDriver
16:52:06.349  INFO  manager.ApplicationManager - The current url is --->https://ilcarro-1578153671498.web.app/search
16:52:06.375  INFO  TestBase - Start Method with name --->registrationWrongPassword
16:52:06.377  INFO  manager.ListenerWD - Before Find Elements By -->By.xpath: //a[text()=' Logout ']
16:52:11.441  INFO  manager.ListenerWD - After Find Elements By -->By.xpath: //a[text()=' Logout ']
16:52:11.441  INFO  manager.ListenerWD - List size is -->0
16:52:11.441  INFO  TestBase - The logout was needed 
16:52:11.443  INFO  TestBase - Registration  negative scenario with wrong password was used dataUser{name='Lila', lastname='Snow', email='lila@mail.com', password='Lila', phone='null'}
16:52:11.443  INFO  manager.ListenerWD - Before Find Element By -->By.xpath: //a[text()=' Sign up ']
16:52:11.477  INFO  manager.ListenerWD - After Find Element By -->By.xpath: //a[text()=' Sign up ']
16:52:11.554  INFO  manager.ListenerWD - Before Find Element By -->By.id: name
16:52:11.588  INFO  manager.ListenerWD - After Find Element By -->By.id: name
16:52:11.845  INFO  manager.ListenerWD - Before Find Element By -->By.id: lastName
16:52:11.885  INFO  manager.ListenerWD - After Find Element By -->By.id: lastName
16:52:12.002  INFO  manager.ListenerWD - Before Find Element By -->By.id: email
16:52:12.030  INFO  manager.ListenerWD - After Find Element By -->By.id: email
16:52:12.195  INFO  manager.ListenerWD - Before Find Element By -->By.id: password
16:52:12.230  INFO  manager.ListenerWD - After Find Element By -->By.id: password
16:52:12.392  INFO  manager.ListenerWD - Before Find Element By -->By.cssSelector: label[for='terms-of-use']
16:52:12.428  INFO  manager.ListenerWD - After Find Element By -->By.cssSelector: label[for='terms-of-use']
16:52:12.648  INFO  manager.ListenerWD - Before Find Element By -->By.cssSelector: button[type='submit']
16:52:12.673  INFO  manager.ListenerWD - After Find Element By -->By.cssSelector: button[type='submit']
16:52:12.708  INFO  manager.ListenerWD - Before Find Elements By -->By.cssSelector: button[disabled]
16:52:12.728  INFO  manager.ListenerWD - After Find Elements By -->By.cssSelector: button[disabled]
16:52:12.728  INFO  manager.ListenerWD - List size is -->1
16:52:12.729  INFO  manager.ListenerWD - Before Find Element By -->By.cssSelector: [type='submit']
16:52:12.756  INFO  manager.ListenerWD - After Find Element By -->By.cssSelector: [type='submit']
16:52:12.775  INFO  TestBase - The Y'alla button was not active
16:52:12.778  INFO  manager.ListenerWD - Before Find Elements By -->By.xpath: //button[text()='Ok']
16:52:17.787  INFO  manager.ListenerWD - After Find Elements By -->By.xpath: //button[text()='Ok']
16:52:17.788  INFO  manager.ListenerWD - List size is -->0
16:52:17.789  INFO  manager.HelperBase - Click OK button was needed
16:52:17.795  INFO  TestBase - Start Method with name --->loginSuccessModels
16:52:17.796  INFO  manager.ListenerWD - Before Find Elements By -->By.xpath: //a[text()=' Logout ']
16:52:22.843  INFO  manager.ListenerWD - After Find Elements By -->By.xpath: //a[text()=' Logout ']
16:52:22.844  INFO  manager.ListenerWD - List size is -->0
16:52:22.845  INFO  TestBase - Login scenario success was used dataUser{name='null', lastname='null', email='noa@gmail.com', password='Nnoa12345$', phone='null'}
16:52:22.846  INFO  manager.ListenerWD - Before Find Element By -->By.xpath: //a[text()='Log in']
16:52:22.869  INFO  manager.ListenerWD - After Find Element By -->By.xpath: //a[text()='Log in']
16:52:23.298  INFO  manager.ListenerWD - Before Find Element By -->By.id: email
16:52:23.321  INFO  manager.ListenerWD - After Find Element By -->By.id: email
16:52:23.570  INFO  manager.ListenerWD - Before Find Element By -->By.id: password
16:52:23.604  INFO  manager.ListenerWD - After Find Element By -->By.id: password
16:52:23.870  INFO  manager.ListenerWD - Before Find Element By -->By.cssSelector: button[type='submit']
16:52:23.906  INFO  manager.ListenerWD - After Find Element By -->By.cssSelector: button[type='submit']
16:52:23.988  INFO  manager.ListenerWD - Before Find Element By -->By.cssSelector: button[type='submit']
16:52:24.008  INFO  manager.ListenerWD - After Find Element By -->By.cssSelector: button[type='submit']
16:52:24.074  INFO  manager.ListenerWD - Before Find Element By -->By.cssSelector: div.dialog-container
16:52:25.195  INFO  manager.ListenerWD - After Find Element By -->By.cssSelector: div.dialog-container
16:52:25.227  INFO  manager.ListenerWD - Before Find Element By -->By.cssSelector: h2.message
16:52:25.250  INFO  manager.ListenerWD - After Find Element By -->By.cssSelector: h2.message
16:52:25.267  INFO  TestBase - In assert checked message 'Logged in success' in dialog  
16:52:25.269  INFO  manager.ListenerWD - Before Find Elements By -->By.xpath: //button[text()='Ok']
16:52:25.298  INFO  manager.ListenerWD - After Find Elements By -->By.xpath: //button[text()='Ok']
16:52:25.299  INFO  manager.ListenerWD - List size is -->1
16:52:25.299  INFO  manager.ListenerWD - Before Find Element By -->By.xpath: //button[text()='Ok']
16:52:25.325  INFO  manager.ListenerWD - After Find Element By -->By.xpath: //button[text()='Ok']
16:52:25.381  INFO  manager.HelperBase - Click OK button was needed
16:52:25.383  INFO  TestBase - Start Method with name --->addCarSuccess
16:52:25.384  INFO  manager.ListenerWD - Before Find Elements By -->By.xpath: //a[text()=' Logout ']
16:52:25.404  INFO  manager.ListenerWD - After Find Elements By -->By.xpath: //a[text()=' Logout ']
16:52:25.405  INFO  manager.ListenerWD - List size is -->1
16:52:25.409  INFO  TestBase - The test used car model : Car(location=Haifa, Israel, make=BMW, model=M5, year=2020, engine=2.5, fuel=Petrol, gear=AT, wD=AWD, doors=5, seats=4, clasS=C, fuelConsumption=6.5, carRegistrationNumber=11-000-1040, price=65, distanceIncluded=800, features=Type of features, about=very nice car)
16:52:25.912  INFO  manager.ListenerWD - Before Find Element By -->By.id: 1
16:52:25.957  INFO  manager.ListenerWD - After Find Element By -->By.id: 1
16:52:26.058  INFO  manager.ListenerWD - Before Find Element By -->By.id: pickUpPlace
16:52:26.079  INFO  manager.ListenerWD - After Find Element By -->By.id: pickUpPlace
16:52:26.272  INFO  manager.ListenerWD - Before Find Element By -->By.cssSelector: div.pac-item
16:52:26.600  INFO  manager.ListenerWD - After Find Element By -->By.cssSelector: div.pac-item
16:52:27.154  INFO  manager.ListenerWD - Before Find Element By -->By.id: make
16:52:27.179  INFO  manager.ListenerWD - After Find Element By -->By.id: make
16:52:27.306  INFO  manager.ListenerWD - Before Find Element By -->By.id: model
16:52:27.325  INFO  manager.ListenerWD - After Find Element By -->By.id: model
16:52:27.422  INFO  manager.ListenerWD - Before Find Element By -->By.id: year
16:52:27.440  INFO  manager.ListenerWD - After Find Element By -->By.id: year
16:52:27.577  INFO  manager.ListenerWD - Before Find Element By -->By.id: engine
16:52:27.601  INFO  manager.ListenerWD - After Find Element By -->By.id: engine
16:52:27.762  INFO  manager.ListenerWD - Before Find Element By -->By.id: fuel
16:52:27.785  INFO  manager.ListenerWD - After Find Element By -->By.id: fuel
16:52:27.911  INFO  manager.ListenerWD - Before Find Element By -->By.id: gear
16:52:27.935  INFO  manager.ListenerWD - After Find Element By -->By.id: gear
16:52:28.055  INFO  manager.ListenerWD - Before Find Element By -->By.id: wheelsDrive
16:52:28.102  INFO  manager.ListenerWD - After Find Element By -->By.id: wheelsDrive
16:52:28.173  INFO  manager.ListenerWD - Before Find Element By -->By.id: doors
16:52:28.191  INFO  manager.ListenerWD - After Find Element By -->By.id: doors
16:52:28.317  INFO  manager.ListenerWD - Before Find Element By -->By.id: seats
16:52:28.335  INFO  manager.ListenerWD - After Find Element By -->By.id: seats
16:52:28.446  INFO  manager.ListenerWD - Before Find Element By -->By.id: class
16:52:28.466  INFO  manager.ListenerWD - After Find Element By -->By.id: class
16:52:28.571  INFO  manager.ListenerWD - Before Find Element By -->By.id: fuelConsumption
16:52:28.589  INFO  manager.ListenerWD - After Find Element By -->By.id: fuelConsumption
16:52:28.702  INFO  manager.ListenerWD - Before Find Element By -->By.id: serialNumber
16:52:28.718  INFO  manager.ListenerWD - After Find Element By -->By.id: serialNumber
16:52:28.849  INFO  manager.ListenerWD - Before Find Element By -->By.id: price
16:52:28.865  INFO  manager.ListenerWD - After Find Element By -->By.id: price
16:52:28.976  INFO  manager.ListenerWD - Before Find Element By -->By.id: distance
16:52:28.993  INFO  manager.ListenerWD - After Find Element By -->By.id: distance
16:52:29.134  INFO  manager.ListenerWD - Before Find Element By -->By.cssSelector: .feature-input
16:52:29.149  INFO  manager.ListenerWD - After Find Element By -->By.cssSelector: .feature-input
16:52:29.279  INFO  manager.ListenerWD - Before Find Element By -->By.id: about
16:52:29.293  INFO  manager.ListenerWD - After Find Element By -->By.id: about
16:52:29.406  INFO  manager.ListenerWD - Before Find Element By -->By.id: photos
16:52:29.421  INFO  manager.ListenerWD - After Find Element By -->By.id: photos
16:52:29.478  INFO  manager.ListenerWD - Before Find Element By -->By.cssSelector: button[type='submit']
16:52:29.497  INFO  manager.ListenerWD - After Find Element By -->By.cssSelector: button[type='submit']
16:52:31.100  INFO  manager.ListenerWD - Before Find Element By -->By.cssSelector: button[type='submit']
16:52:31.112  INFO  manager.ListenerWD - After Find Element By -->By.cssSelector: button[type='submit']
16:52:31.197  INFO  manager.ListenerWD - Before Find Element By -->By.cssSelector: div.dialog-container
16:52:32.856  INFO  manager.ListenerWD - After Find Element By -->By.cssSelector: div.dialog-container
16:52:32.867  INFO  manager.ListenerWD - Before Find Element By -->By.cssSelector: div.dialog-container>h1
16:52:32.881  INFO  manager.ListenerWD - After Find Element By -->By.cssSelector: div.dialog-container>h1
16:52:32.892  INFO  TestBase - In assert checked message 'Car added' in dialog  
16:52:32.893  INFO  manager.ListenerWD - Before Find Element By -->By.xpath: //button[text()='Search cars']
16:52:32.906  INFO  manager.ListenerWD - After Find Element By -->By.xpath: //button[text()='Search cars']
16:52:32.935  INFO  manager.HelperBase - We returned to Home Page
16:52:32.937  INFO  TestBase - Start Method with name --->searchNextMonthSuccess
16:52:32.937  INFO  manager.ListenerWD - Before Find Element By -->By.cssSelector: .header a.logo
16:52:32.953  INFO  manager.ListenerWD - After Find Element By -->By.cssSelector: .header a.logo
16:52:33.335  INFO  manager.ListenerWD - Before Find Element By -->By.id: city
16:52:33.358  INFO  manager.ListenerWD - After Find Element By -->By.id: city
16:52:34.108  INFO  manager.ListenerWD - Before Find Element By -->By.cssSelector: div.pac-item
16:52:34.124  INFO  manager.ListenerWD - After Find Element By -->By.cssSelector: div.pac-item
16:52:34.194  INFO  manager.ListenerWD - Before Find Element By -->By.id: dates
16:52:34.210  INFO  manager.ListenerWD - After Find Element By -->By.id: dates
16:52:34.211  INFO  manager.HelperBase - OS is --->Mac OS X
16:52:34.356  INFO  manager.ListenerWD - Before Find Element By -->By.id: dates
16:52:34.382  INFO  manager.ListenerWD - After Find Element By -->By.id: dates
16:52:34.533  INFO  manager.ListenerWD - Before Find Element By -->By.cssSelector: button[aria-label='Next month']
16:52:34.555  INFO  manager.ListenerWD - After Find Element By -->By.cssSelector: button[aria-label='Next month']
16:52:34.616  INFO  manager.ListenerWD - Before Find Element By -->By.xpath: //div[text()=' 25 ']
16:52:34.641  INFO  manager.ListenerWD - After Find Element By -->By.xpath: //div[text()=' 25 ']
16:52:34.726  INFO  manager.ListenerWD - Before Find Element By -->By.xpath: //div[text()=' 30 ']
16:52:34.752  INFO  manager.ListenerWD - After Find Element By -->By.xpath: //div[text()=' 30 ']
16:52:34.844  INFO  manager.ListenerWD - Before Find Element By -->By.cssSelector: button[type='submit']
16:52:34.890  INFO  manager.ListenerWD - After Find Element By -->By.cssSelector: button[type='submit']
16:52:34.923  INFO  manager.ListenerWD - Before Find Element By -->By.cssSelector: button[type='submit']
16:52:34.938  INFO  manager.ListenerWD - After Find Element By -->By.cssSelector: button[type='submit']
16:52:35.059  INFO  manager.ListenerWD - Before Find Elements By -->By.cssSelector: a.car-container
16:52:36.885  INFO  manager.ListenerWD - After Find Elements By -->By.cssSelector: a.car-container
16:52:36.887  INFO  manager.ListenerWD - List size is -->10
