17:30:29.435  INFO  manager.ApplicationManager - All tests start in  Firefox
17:30:31.984  INFO  manager.ApplicationManager - The current url is --->https://ilcarro-1578153671498.web.app/search
17:30:32.023  INFO  TestBase - Start Method with name --->registrationSuccess
17:30:32.025  INFO  manager.ListenerWD - Before Find Elements By -->By.xpath: //a[text()=' Logout ']
17:30:37.057  INFO  manager.ListenerWD - After Find Elements By -->By.xpath: //a[text()=' Logout ']
17:30:37.059  INFO  manager.ListenerWD - List size is -->0
17:30:37.059  INFO  TestBase - The logout was needed 
17:30:37.062  INFO  TestBase - Registration  scenario success was used dataUser{name='Lisa', lastname='Snow', email='lis1837@mail.com', password='Ww12345$', phone='null'}
17:30:37.062  INFO  manager.ListenerWD - Before Find Element By -->By.xpath: //a[text()=' Sign up ']
17:30:37.095  INFO  manager.ListenerWD - After Find Element By -->By.xpath: //a[text()=' Sign up ']
17:30:37.393  INFO  manager.ListenerWD - Before Find Element By -->By.id: name
17:30:37.411  INFO  manager.ListenerWD - After Find Element By -->By.id: name
17:30:37.690  INFO  manager.ListenerWD - Before Find Element By -->By.id: lastName
17:30:37.709  INFO  manager.ListenerWD - After Find Element By -->By.id: lastName
17:30:37.960  INFO  manager.ListenerWD - Before Find Element By -->By.id: email
17:30:37.980  INFO  manager.ListenerWD - After Find Element By -->By.id: email
17:30:38.246  INFO  manager.ListenerWD - Before Find Element By -->By.id: password
17:30:38.272  INFO  manager.ListenerWD - After Find Element By -->By.id: password
17:30:38.534  INFO  manager.ListenerWD - Before Find Element By -->By.cssSelector: label[for='terms-of-use']
17:30:38.553  INFO  manager.ListenerWD - After Find Element By -->By.cssSelector: label[for='terms-of-use']
17:30:38.734  INFO  manager.ListenerWD - Before Find Element By -->By.cssSelector: button[type='submit']
17:30:38.751  INFO  manager.ListenerWD - After Find Element By -->By.cssSelector: button[type='submit']
17:30:38.814  INFO  manager.ListenerWD - Before Find Element By -->By.cssSelector: button[type='submit']
17:30:38.830  INFO  manager.ListenerWD - After Find Element By -->By.cssSelector: button[type='submit']
17:30:39.077  INFO  manager.ListenerWD - Before Find Element By -->By.cssSelector: div.dialog-container
17:30:39.416  INFO  manager.ListenerWD - After Find Element By -->By.cssSelector: div.dialog-container
17:30:39.435  INFO  manager.ListenerWD - Before Find Element By -->By.cssSelector: div.dialog-container>h1
17:30:39.457  INFO  manager.ListenerWD - After Find Element By -->By.cssSelector: div.dialog-container>h1
17:30:39.477  INFO  TestBase - In assert checked message 'Registered' in dialog  
17:30:39.482  INFO  manager.ListenerWD - Before Find Elements By -->By.xpath: //button[text()='Ok']
17:30:39.513  INFO  manager.ListenerWD - After Find Elements By -->By.xpath: //button[text()='Ok']
17:30:39.514  INFO  manager.ListenerWD - List size is -->1
17:30:39.515  INFO  manager.ListenerWD - Before Find Element By -->By.xpath: //button[text()='Ok']
17:30:39.545  INFO  manager.ListenerWD - After Find Element By -->By.xpath: //button[text()='Ok']
17:30:39.777  INFO  manager.HelperBase - Click OK button was needed
17:30:39.779  INFO  TestBase - Start Method with name --->registrationWrongPassword
17:30:39.779  INFO  manager.ListenerWD - Before Find Elements By -->By.xpath: //a[text()=' Logout ']
17:30:39.802  INFO  manager.ListenerWD - After Find Elements By -->By.xpath: //a[text()=' Logout ']
17:30:39.803  INFO  manager.ListenerWD - List size is -->1
17:30:39.803  INFO  manager.ListenerWD - Before Find Element By -->By.xpath: //a[text()=' Logout ']
17:30:39.831  INFO  manager.ListenerWD - After Find Element By -->By.xpath: //a[text()=' Logout ']
17:30:40.108  INFO  TestBase - The logout was needed 
17:30:40.109  INFO  TestBase - Registration  negative scenario with wrong password was used dataUser{name='Lila', lastname='Snow', email='lila@mail.com', password='Lila', phone='null'}
17:30:40.110  INFO  manager.ListenerWD - Before Find Element By -->By.xpath: //a[text()=' Sign up ']
17:30:40.122  INFO  manager.ListenerWD - After Find Element By -->By.xpath: //a[text()=' Sign up ']
17:30:40.360  INFO  manager.ListenerWD - Before Find Element By -->By.id: name
17:30:40.382  INFO  manager.ListenerWD - After Find Element By -->By.id: name
17:30:40.637  INFO  manager.ListenerWD - Before Find Element By -->By.id: lastName
17:30:40.655  INFO  manager.ListenerWD - After Find Element By -->By.id: lastName
17:30:40.908  INFO  manager.ListenerWD - Before Find Element By -->By.id: email
17:30:40.936  INFO  manager.ListenerWD - After Find Element By -->By.id: email
17:30:41.195  INFO  manager.ListenerWD - Before Find Element By -->By.id: password
17:30:41.207  INFO  manager.ListenerWD - After Find Element By -->By.id: password
17:30:41.451  INFO  manager.ListenerWD - Before Find Element By -->By.cssSelector: label[for='terms-of-use']
17:30:41.462  INFO  manager.ListenerWD - After Find Element By -->By.cssSelector: label[for='terms-of-use']
17:30:41.602  INFO  manager.ListenerWD - Before Find Element By -->By.cssSelector: button[type='submit']
17:30:41.618  INFO  manager.ListenerWD - After Find Element By -->By.cssSelector: button[type='submit']
17:30:42.329  INFO  manager.ListenerWD - Before Find Elements By -->By.cssSelector: button[disabled]
17:30:42.343  INFO  manager.ListenerWD - After Find Elements By -->By.cssSelector: button[disabled]
17:30:42.343  INFO  manager.ListenerWD - List size is -->1
17:30:42.344  INFO  manager.ListenerWD - Before Find Element By -->By.cssSelector: [type='submit']
17:30:42.360  INFO  manager.ListenerWD - After Find Element By -->By.cssSelector: [type='submit']
17:30:42.366  INFO  TestBase - The Y'alla button was not active
17:30:42.368  INFO  manager.ListenerWD - Before Find Elements By -->By.xpath: //button[text()='Ok']
17:30:47.384  INFO  manager.ListenerWD - After Find Elements By -->By.xpath: //button[text()='Ok']
17:30:47.384  INFO  manager.ListenerWD - List size is -->0
17:30:47.384  INFO  manager.HelperBase - Click OK button was needed
17:30:47.393  INFO  TestBase - Start Method with name --->loginSuccess
17:30:47.394  INFO  manager.ListenerWD - Before Find Elements By -->By.xpath: //a[text()=' Logout ']
17:30:52.407  INFO  manager.ListenerWD - After Find Elements By -->By.xpath: //a[text()=' Logout ']
17:30:52.407  INFO  manager.ListenerWD - List size is -->0
17:30:52.408  INFO  TestBase - Login scenario success was used data email: noa@gmail.com & password: Nnoa12345$
17:30:52.409  INFO  manager.ListenerWD - Before Find Element By -->By.cssSelector: a[href ^='/login']
17:30:52.419  INFO  manager.ListenerWD - After Find Element By -->By.cssSelector: a[href ^='/login']
17:30:52.669  INFO  manager.ListenerWD - Before Find Element By -->By.id: email
17:30:52.681  INFO  manager.ListenerWD - After Find Element By -->By.id: email
17:30:52.946  INFO  manager.ListenerWD - Before Find Element By -->By.id: password
17:30:52.959  INFO  manager.ListenerWD - After Find Element By -->By.id: password
17:30:53.205  INFO  manager.ListenerWD - Before Find Element By -->By.cssSelector: button[type='submit']
17:30:53.219  INFO  manager.ListenerWD - After Find Element By -->By.cssSelector: button[type='submit']
17:30:53.248  INFO  manager.ListenerWD - Before Find Element By -->By.cssSelector: button[type='submit']
17:30:53.261  INFO  manager.ListenerWD - After Find Element By -->By.cssSelector: button[type='submit']
17:30:53.486  INFO  manager.ListenerWD - Before Find Element By -->By.cssSelector: div.dialog-container
17:30:54.677  INFO  manager.ListenerWD - After Find Element By -->By.cssSelector: div.dialog-container
17:30:54.703  INFO  manager.ListenerWD - Before Find Element By -->By.cssSelector: h2.message
17:30:54.723  INFO  manager.ListenerWD - After Find Element By -->By.cssSelector: h2.message
17:30:54.733  INFO  TestBase - In assert checked message 'Logged in success' in dialog  
17:30:54.735  INFO  manager.ListenerWD - Before Find Elements By -->By.xpath: //button[text()='Ok']
17:30:54.760  INFO  manager.ListenerWD - After Find Elements By -->By.xpath: //button[text()='Ok']
17:30:54.760  INFO  manager.ListenerWD - List size is -->1
17:30:54.760  INFO  manager.ListenerWD - Before Find Element By -->By.xpath: //button[text()='Ok']
17:30:54.776  INFO  manager.ListenerWD - After Find Element By -->By.xpath: //button[text()='Ok']
17:30:54.998  INFO  manager.HelperBase - Click OK button was needed
17:30:55.000  INFO  TestBase - Start Method with name --->loginSuccess
17:30:55.000  INFO  manager.ListenerWD - Before Find Elements By -->By.xpath: //a[text()=' Logout ']
17:30:55.015  INFO  manager.ListenerWD - After Find Elements By -->By.xpath: //a[text()=' Logout ']
17:30:55.016  INFO  manager.ListenerWD - List size is -->1
17:30:55.016  INFO  manager.ListenerWD - Before Find Element By -->By.xpath: //a[text()=' Logout ']
17:30:55.036  INFO  manager.ListenerWD - After Find Element By -->By.xpath: //a[text()=' Logout ']
17:30:55.296  INFO  TestBase - The logout was needed 
17:30:55.297  INFO  TestBase - Login scenario success was used data email: sonya@gmail.com & password: Ss12345$
17:30:55.297  INFO  manager.ListenerWD - Before Find Element By -->By.cssSelector: a[href ^='/login']
17:30:55.308  INFO  manager.ListenerWD - After Find Element By -->By.cssSelector: a[href ^='/login']
17:30:55.543  INFO  manager.ListenerWD - Before Find Element By -->By.id: email
17:30:55.557  INFO  manager.ListenerWD - After Find Element By -->By.id: email
17:30:55.821  INFO  manager.ListenerWD - Before Find Element By -->By.id: password
17:30:55.834  INFO  manager.ListenerWD - After Find Element By -->By.id: password
17:30:56.090  INFO  manager.ListenerWD - Before Find Element By -->By.cssSelector: button[type='submit']
17:30:56.104  INFO  manager.ListenerWD - After Find Element By -->By.cssSelector: button[type='submit']
17:30:56.130  INFO  manager.ListenerWD - Before Find Element By -->By.cssSelector: button[type='submit']
17:30:56.140  INFO  manager.ListenerWD - After Find Element By -->By.cssSelector: button[type='submit']
17:30:56.366  INFO  manager.ListenerWD - Before Find Element By -->By.cssSelector: div.dialog-container
17:30:56.554  INFO  manager.ListenerWD - After Find Element By -->By.cssSelector: div.dialog-container
17:30:56.571  INFO  manager.ListenerWD - Before Find Element By -->By.cssSelector: h2.message
17:30:56.587  INFO  manager.ListenerWD - After Find Element By -->By.cssSelector: h2.message
17:30:56.594  INFO  TestBase - In assert checked message 'Logged in success' in dialog  
17:30:56.595  INFO  manager.ListenerWD - Before Find Elements By -->By.xpath: //button[text()='Ok']
17:30:56.616  INFO  manager.ListenerWD - After Find Elements By -->By.xpath: //button[text()='Ok']
17:30:56.616  INFO  manager.ListenerWD - List size is -->1
17:30:56.617  INFO  manager.ListenerWD - Before Find Element By -->By.xpath: //button[text()='Ok']
17:30:56.637  INFO  manager.ListenerWD - After Find Element By -->By.xpath: //button[text()='Ok']
17:30:56.856  INFO  manager.HelperBase - Click OK button was needed
17:30:56.857  INFO  TestBase - Start Method with name --->loginSuccess
17:30:56.858  INFO  manager.ListenerWD - Before Find Elements By -->By.xpath: //a[text()=' Logout ']
17:30:56.871  INFO  manager.ListenerWD - After Find Elements By -->By.xpath: //a[text()=' Logout ']
17:30:56.871  INFO  manager.ListenerWD - List size is -->1
17:30:56.872  INFO  manager.ListenerWD - Before Find Element By -->By.xpath: //a[text()=' Logout ']
17:30:56.884  INFO  manager.ListenerWD - After Find Element By -->By.xpath: //a[text()=' Logout ']
17:30:57.140  INFO  TestBase - The logout was needed 
17:30:57.141  INFO  TestBase - Login scenario success was used data email: noa@gmail.com & password: Nnoa12345$
17:30:57.141  INFO  manager.ListenerWD - Before Find Element By -->By.cssSelector: a[href ^='/login']
17:30:57.150  INFO  manager.ListenerWD - After Find Element By -->By.cssSelector: a[href ^='/login']
17:30:57.384  INFO  manager.ListenerWD - Before Find Element By -->By.id: email
17:30:57.396  INFO  manager.ListenerWD - After Find Element By -->By.id: email
17:30:57.656  INFO  manager.ListenerWD - Before Find Element By -->By.id: password
17:30:57.672  INFO  manager.ListenerWD - After Find Element By -->By.id: password
17:30:57.923  INFO  manager.ListenerWD - Before Find Element By -->By.cssSelector: button[type='submit']
17:30:57.935  INFO  manager.ListenerWD - After Find Element By -->By.cssSelector: button[type='submit']
17:30:57.960  INFO  manager.ListenerWD - Before Find Element By -->By.cssSelector: button[type='submit']
17:30:57.971  INFO  manager.ListenerWD - After Find Element By -->By.cssSelector: button[type='submit']
17:30:58.192  INFO  manager.ListenerWD - Before Find Element By -->By.cssSelector: div.dialog-container
17:30:59.205  INFO  manager.ListenerWD - After Find Element By -->By.cssSelector: div.dialog-container
17:30:59.225  INFO  manager.ListenerWD - Before Find Element By -->By.cssSelector: h2.message
17:30:59.238  INFO  manager.ListenerWD - After Find Element By -->By.cssSelector: h2.message
17:30:59.249  INFO  TestBase - In assert checked message 'Logged in success' in dialog  
17:30:59.251  INFO  manager.ListenerWD - Before Find Elements By -->By.xpath: //button[text()='Ok']
17:30:59.268  INFO  manager.ListenerWD - After Find Elements By -->By.xpath: //button[text()='Ok']
17:30:59.269  INFO  manager.ListenerWD - List size is -->1
17:30:59.270  INFO  manager.ListenerWD - Before Find Element By -->By.xpath: //button[text()='Ok']
17:30:59.290  INFO  manager.ListenerWD - After Find Element By -->By.xpath: //button[text()='Ok']
17:30:59.513  INFO  manager.HelperBase - Click OK button was needed
17:30:59.515  INFO  TestBase - Start Method with name --->loginSuccessModels
17:30:59.516  INFO  manager.ListenerWD - Before Find Elements By -->By.xpath: //a[text()=' Logout ']
17:30:59.531  INFO  manager.ListenerWD - After Find Elements By -->By.xpath: //a[text()=' Logout ']
17:30:59.532  INFO  manager.ListenerWD - List size is -->1
17:30:59.532  INFO  manager.ListenerWD - Before Find Element By -->By.xpath: //a[text()=' Logout ']
17:30:59.549  INFO  manager.ListenerWD - After Find Element By -->By.xpath: //a[text()=' Logout ']
17:30:59.810  INFO  TestBase - The logout was needed 
17:30:59.812  INFO  TestBase - Login scenario success was used dataUser{name='null', lastname='null', email='noa@gmail.com', password='Nnoa12345$', phone='null'}
17:30:59.813  INFO  manager.ListenerWD - Before Find Element By -->By.xpath: //a[text()='Log in']
17:30:59.825  INFO  manager.ListenerWD - After Find Element By -->By.xpath: //a[text()='Log in']
17:31:00.151  INFO  manager.ListenerWD - Before Find Element By -->By.id: email
17:31:00.168  INFO  manager.ListenerWD - After Find Element By -->By.id: email
17:31:00.424  INFO  manager.ListenerWD - Before Find Element By -->By.id: password
17:31:00.437  INFO  manager.ListenerWD - After Find Element By -->By.id: password
17:31:00.680  INFO  manager.ListenerWD - Before Find Element By -->By.cssSelector: button[type='submit']
17:31:00.689  INFO  manager.ListenerWD - After Find Element By -->By.cssSelector: button[type='submit']
17:31:00.708  INFO  manager.ListenerWD - Before Find Element By -->By.cssSelector: button[type='submit']
17:31:00.729  INFO  manager.ListenerWD - After Find Element By -->By.cssSelector: button[type='submit']
17:31:00.956  INFO  manager.ListenerWD - Before Find Element By -->By.cssSelector: div.dialog-container
17:31:02.156  INFO  manager.ListenerWD - After Find Element By -->By.cssSelector: div.dialog-container
17:31:02.179  INFO  manager.ListenerWD - Before Find Element By -->By.cssSelector: h2.message
17:31:02.215  INFO  manager.ListenerWD - After Find Element By -->By.cssSelector: h2.message
17:31:02.225  INFO  TestBase - In assert checked message 'Logged in success' in dialog  
17:31:02.226  INFO  manager.ListenerWD - Before Find Elements By -->By.xpath: //button[text()='Ok']
17:31:02.241  INFO  manager.ListenerWD - After Find Elements By -->By.xpath: //button[text()='Ok']
17:31:02.241  INFO  manager.ListenerWD - List size is -->1
17:31:02.241  INFO  manager.ListenerWD - Before Find Element By -->By.xpath: //button[text()='Ok']
17:31:02.255  INFO  manager.ListenerWD - After Find Element By -->By.xpath: //button[text()='Ok']
17:31:02.476  INFO  manager.HelperBase - Click OK button was needed
17:31:02.478  INFO  TestBase - Start Method with name --->loginSuccessModelsDP
17:31:02.479  INFO  manager.ListenerWD - Before Find Elements By -->By.xpath: //a[text()=' Logout ']
17:31:02.509  INFO  manager.ListenerWD - After Find Elements By -->By.xpath: //a[text()=' Logout ']
17:31:02.510  INFO  manager.ListenerWD - List size is -->1
17:31:02.510  INFO  manager.ListenerWD - Before Find Element By -->By.xpath: //a[text()=' Logout ']
17:31:02.522  INFO  manager.ListenerWD - After Find Element By -->By.xpath: //a[text()=' Logout ']
17:31:02.777  INFO  TestBase - The logout was needed 
17:31:02.777  INFO  TestBase - Login scenario success was used dataUser{name='null', lastname='null', email='noa@gmail.com', password='Nnoa12345$', phone='null'}
17:31:02.777  INFO  manager.ListenerWD - Before Find Element By -->By.xpath: //a[text()='Log in']
17:31:02.784  INFO  manager.ListenerWD - After Find Element By -->By.xpath: //a[text()='Log in']
17:31:03.002  INFO  manager.ListenerWD - Before Find Element By -->By.id: email
17:31:03.011  INFO  manager.ListenerWD - After Find Element By -->By.id: email
17:31:03.269  INFO  manager.ListenerWD - Before Find Element By -->By.id: password
17:31:03.279  INFO  manager.ListenerWD - After Find Element By -->By.id: password
17:31:03.522  INFO  manager.ListenerWD - Before Find Element By -->By.cssSelector: button[type='submit']
17:31:03.530  INFO  manager.ListenerWD - After Find Element By -->By.cssSelector: button[type='submit']
17:31:03.546  INFO  manager.ListenerWD - Before Find Element By -->By.cssSelector: button[type='submit']
17:31:03.554  INFO  manager.ListenerWD - After Find Element By -->By.cssSelector: button[type='submit']
17:31:03.775  INFO  manager.ListenerWD - Before Find Element By -->By.cssSelector: div.dialog-container
17:31:04.861  INFO  manager.ListenerWD - After Find Element By -->By.cssSelector: div.dialog-container
17:31:04.878  INFO  manager.ListenerWD - Before Find Element By -->By.cssSelector: h2.message
17:31:04.886  INFO  manager.ListenerWD - After Find Element By -->By.cssSelector: h2.message
17:31:04.895  INFO  TestBase - In assert checked message 'Logged in success' in dialog  
17:31:04.897  INFO  manager.ListenerWD - Before Find Elements By -->By.xpath: //button[text()='Ok']
17:31:04.913  INFO  manager.ListenerWD - After Find Elements By -->By.xpath: //button[text()='Ok']
17:31:04.913  INFO  manager.ListenerWD - List size is -->1
17:31:04.913  INFO  manager.ListenerWD - Before Find Element By -->By.xpath: //button[text()='Ok']
17:31:04.937  INFO  manager.ListenerWD - After Find Element By -->By.xpath: //button[text()='Ok']
17:31:05.160  INFO  manager.HelperBase - Click OK button was needed
17:31:05.162  INFO  TestBase - Start Method with name --->loginSuccessModelsDP
17:31:05.163  INFO  manager.ListenerWD - Before Find Elements By -->By.xpath: //a[text()=' Logout ']
17:31:05.180  INFO  manager.ListenerWD - After Find Elements By -->By.xpath: //a[text()=' Logout ']
17:31:05.180  INFO  manager.ListenerWD - List size is -->1
17:31:05.180  INFO  manager.ListenerWD - Before Find Element By -->By.xpath: //a[text()=' Logout ']
17:31:05.196  INFO  manager.ListenerWD - After Find Element By -->By.xpath: //a[text()=' Logout ']
17:31:05.451  INFO  TestBase - The logout was needed 
17:31:05.451  INFO  TestBase - Login scenario success was used dataUser{name='null', lastname='null', email='sonya@gmail.com', password='Ss12345$', phone='null'}
17:31:05.452  INFO  manager.ListenerWD - Before Find Element By -->By.xpath: //a[text()='Log in']
17:31:05.460  INFO  manager.ListenerWD - After Find Element By -->By.xpath: //a[text()='Log in']
17:31:05.720  INFO  manager.ListenerWD - Before Find Element By -->By.id: email
17:31:05.761  INFO  manager.ListenerWD - After Find Element By -->By.id: email
17:31:06.022  INFO  manager.ListenerWD - Before Find Element By -->By.id: password
17:31:06.033  INFO  manager.ListenerWD - After Find Element By -->By.id: password
17:31:06.271  INFO  manager.ListenerWD - Before Find Element By -->By.cssSelector: button[type='submit']
17:31:06.282  INFO  manager.ListenerWD - After Find Element By -->By.cssSelector: button[type='submit']
17:31:06.303  INFO  manager.ListenerWD - Before Find Element By -->By.cssSelector: button[type='submit']
17:31:06.312  INFO  manager.ListenerWD - After Find Element By -->By.cssSelector: button[type='submit']
17:31:06.534  INFO  manager.ListenerWD - Before Find Element By -->By.cssSelector: div.dialog-container
17:31:06.781  INFO  manager.ListenerWD - After Find Element By -->By.cssSelector: div.dialog-container
17:31:06.798  INFO  manager.ListenerWD - Before Find Element By -->By.cssSelector: h2.message
17:31:06.807  INFO  manager.ListenerWD - After Find Element By -->By.cssSelector: h2.message
17:31:06.813  INFO  TestBase - In assert checked message 'Logged in success' in dialog  
17:31:06.815  INFO  manager.ListenerWD - Before Find Elements By -->By.xpath: //button[text()='Ok']
17:31:06.825  INFO  manager.ListenerWD - After Find Elements By -->By.xpath: //button[text()='Ok']
17:31:06.825  INFO  manager.ListenerWD - List size is -->1
17:31:06.825  INFO  manager.ListenerWD - Before Find Element By -->By.xpath: //button[text()='Ok']
17:31:06.841  INFO  manager.ListenerWD - After Find Element By -->By.xpath: //button[text()='Ok']
17:31:07.064  INFO  manager.HelperBase - Click OK button was needed
17:31:07.065  INFO  TestBase - Start Method with name --->loginSuccessModelsDP
17:31:07.066  INFO  manager.ListenerWD - Before Find Elements By -->By.xpath: //a[text()=' Logout ']
17:31:07.086  INFO  manager.ListenerWD - After Find Elements By -->By.xpath: //a[text()=' Logout ']
17:31:07.086  INFO  manager.ListenerWD - List size is -->1
17:31:07.087  INFO  manager.ListenerWD - Before Find Element By -->By.xpath: //a[text()=' Logout ']
17:31:07.096  INFO  manager.ListenerWD - After Find Element By -->By.xpath: //a[text()=' Logout ']
17:31:07.343  INFO  TestBase - The logout was needed 
17:31:07.344  INFO  TestBase - Login scenario success was used dataUser{name='null', lastname='null', email='noa@gmail.com', password='Nnoa12345$', phone='null'}
17:31:07.344  INFO  manager.ListenerWD - Before Find Element By -->By.xpath: //a[text()='Log in']
17:31:07.352  INFO  manager.ListenerWD - After Find Element By -->By.xpath: //a[text()='Log in']
17:31:07.546  INFO  manager.ListenerWD - Before Find Element By -->By.id: email
17:31:07.568  INFO  manager.ListenerWD - After Find Element By -->By.id: email
17:31:07.834  INFO  manager.ListenerWD - Before Find Element By -->By.id: password
17:31:07.843  INFO  manager.ListenerWD - After Find Element By -->By.id: password
17:31:08.120  INFO  manager.ListenerWD - Before Find Element By -->By.cssSelector: button[type='submit']
17:31:08.140  INFO  manager.ListenerWD - After Find Element By -->By.cssSelector: button[type='submit']
17:31:08.182  INFO  manager.ListenerWD - Before Find Element By -->By.cssSelector: button[type='submit']
17:31:08.193  INFO  manager.ListenerWD - After Find Element By -->By.cssSelector: button[type='submit']
17:31:08.439  INFO  manager.ListenerWD - Before Find Element By -->By.cssSelector: div.dialog-container
17:31:09.498  INFO  manager.ListenerWD - After Find Element By -->By.cssSelector: div.dialog-container
17:31:09.516  INFO  manager.ListenerWD - Before Find Element By -->By.cssSelector: h2.message
17:31:09.525  INFO  manager.ListenerWD - After Find Element By -->By.cssSelector: h2.message
17:31:09.533  INFO  TestBase - In assert checked message 'Logged in success' in dialog  
17:31:09.534  INFO  manager.ListenerWD - Before Find Elements By -->By.xpath: //button[text()='Ok']
17:31:09.545  INFO  manager.ListenerWD - After Find Elements By -->By.xpath: //button[text()='Ok']
17:31:09.545  INFO  manager.ListenerWD - List size is -->1
17:31:09.545  INFO  manager.ListenerWD - Before Find Element By -->By.xpath: //button[text()='Ok']
17:31:09.557  INFO  manager.ListenerWD - After Find Element By -->By.xpath: //button[text()='Ok']
17:31:09.783  INFO  manager.HelperBase - Click OK button was needed
17:31:09.785  INFO  TestBase - Start Method with name --->negativeWrongEmail
17:31:09.786  INFO  manager.ListenerWD - Before Find Elements By -->By.xpath: //a[text()=' Logout ']
17:31:09.817  INFO  manager.ListenerWD - After Find Elements By -->By.xpath: //a[text()=' Logout ']
17:31:09.818  INFO  manager.ListenerWD - List size is -->1
17:31:09.818  INFO  manager.ListenerWD - Before Find Element By -->By.xpath: //a[text()=' Logout ']
17:31:09.838  INFO  manager.ListenerWD - After Find Element By -->By.xpath: //a[text()=' Logout ']
17:31:10.107  INFO  TestBase - The logout was needed 
17:31:10.108  INFO  TestBase - Login negative scenario with wrong email was used dataUser{name='null', lastname='null', email='noagmail.com', password='Nnoa12345$', phone='null'}
17:31:10.108  INFO  manager.ListenerWD - Before Find Element By -->By.cssSelector: a[href ^='/login']
17:31:10.117  INFO  manager.ListenerWD - After Find Element By -->By.cssSelector: a[href ^='/login']
17:31:10.352  INFO  manager.ListenerWD - Before Find Element By -->By.id: email
17:31:10.361  INFO  manager.ListenerWD - After Find Element By -->By.id: email
17:31:10.622  INFO  manager.ListenerWD - Before Find Element By -->By.id: password
17:31:10.633  INFO  manager.ListenerWD - After Find Element By -->By.id: password
17:31:10.895  INFO  manager.ListenerWD - Before Find Element By -->By.cssSelector: button[type='submit']
17:31:10.904  INFO  manager.ListenerWD - After Find Element By -->By.cssSelector: button[type='submit']
17:31:11.616  INFO  manager.ListenerWD - Before Find Element By -->By.cssSelector: div.error>div
17:31:11.627  INFO  manager.ListenerWD - After Find Element By -->By.cssSelector: div.error>div
17:31:11.633  INFO  manager.ListenerWD - Before Find Elements By -->By.cssSelector: button[disabled]
17:31:11.641  INFO  manager.ListenerWD - After Find Elements By -->By.cssSelector: button[disabled]
17:31:11.642  INFO  manager.ListenerWD - List size is -->1
17:31:11.642  INFO  manager.ListenerWD - Before Find Element By -->By.cssSelector: [type='submit']
17:31:11.650  INFO  manager.ListenerWD - After Find Element By -->By.cssSelector: [type='submit']
17:31:11.654  INFO  TestBase - In assert checked error message 'It'snot look like email' under name field 
17:31:11.655  INFO  manager.ListenerWD - Before Find Elements By -->By.xpath: //button[text()='Ok']
17:31:16.663  INFO  manager.ListenerWD - After Find Elements By -->By.xpath: //button[text()='Ok']
17:31:16.663  INFO  manager.ListenerWD - List size is -->0
17:31:16.663  INFO  manager.HelperBase - Click OK button was needed
17:31:16.664  INFO  TestBase - Start Method with name --->negativeWrongPassword
17:31:16.665  INFO  manager.ListenerWD - Before Find Elements By -->By.xpath: //a[text()=' Logout ']
17:31:21.674  INFO  manager.ListenerWD - After Find Elements By -->By.xpath: //a[text()=' Logout ']
17:31:21.675  INFO  manager.ListenerWD - List size is -->0
17:31:21.675  INFO  TestBase - Login negative scenario with wrong passeord was used dataUser{name='null', lastname='null', email='noa@gmail.com', password='Wwow12345$', phone='null'}
17:31:21.675  INFO  manager.ListenerWD - Before Find Element By -->By.cssSelector: a[href ^='/login']
17:31:21.684  INFO  manager.ListenerWD - After Find Element By -->By.cssSelector: a[href ^='/login']
17:31:21.914  INFO  manager.ListenerWD - Before Find Element By -->By.id: email
17:31:21.923  INFO  manager.ListenerWD - After Find Element By -->By.id: email
17:31:22.202  INFO  manager.ListenerWD - Before Find Element By -->By.id: password
17:31:22.212  INFO  manager.ListenerWD - After Find Element By -->By.id: password
17:31:22.473  INFO  manager.ListenerWD - Before Find Element By -->By.cssSelector: button[type='submit']
17:31:22.484  INFO  manager.ListenerWD - After Find Element By -->By.cssSelector: button[type='submit']
17:31:22.705  INFO  manager.ListenerWD - Before Find Element By -->By.cssSelector: div.dialog-container
17:31:23.655  INFO  manager.ListenerWD - After Find Element By -->By.cssSelector: div.dialog-container
17:31:23.678  INFO  manager.ListenerWD - Before Find Element By -->By.cssSelector: h2.message
17:31:23.702  INFO  manager.ListenerWD - After Find Element By -->By.cssSelector: h2.message
17:31:23.713  INFO  manager.ListenerWD - Before Find Element By -->By.cssSelector: div.dialog-container
17:31:23.737  INFO  manager.ListenerWD - After Find Element By -->By.cssSelector: div.dialog-container
17:31:23.771  INFO  manager.ListenerWD - Before Find Element By -->By.cssSelector: div.dialog-container>h1
17:31:23.787  INFO  manager.ListenerWD - After Find Element By -->By.cssSelector: div.dialog-container>h1
17:31:23.797  INFO  TestBase - In assert checked message 'Authorization error' & 'Wrong email or password' in dialog  
17:31:23.798  INFO  manager.ListenerWD - Before Find Elements By -->By.xpath: //button[text()='Ok']
17:31:23.812  INFO  manager.ListenerWD - After Find Elements By -->By.xpath: //button[text()='Ok']
17:31:23.812  INFO  manager.ListenerWD - List size is -->1
17:31:23.812  INFO  manager.ListenerWD - Before Find Element By -->By.xpath: //button[text()='Ok']
17:31:23.824  INFO  manager.ListenerWD - After Find Element By -->By.xpath: //button[text()='Ok']
17:31:24.039  INFO  manager.HelperBase - Click OK button was needed
