18:52:35.017  INFO  manager.ApplicationManager - All tests start in  ChromeDriver
18:52:37.889  INFO  manager.ApplicationManager - The current url is --->https://ilcarro-1578153671498.web.app/search
18:52:37.960  INFO  TestBase - Start Method with name --->registrationWrongPassword
18:52:37.963  INFO  manager.ListenerWD - Before Find Elements By -->By.xpath: //a[text()=' Logout ']
18:52:43.030  INFO  manager.ListenerWD - After Find Elements By -->By.xpath: //a[text()=' Logout ']
18:52:43.031  INFO  manager.ListenerWD - List size is -->0
18:52:43.031  INFO  TestBase - The logout was needed 
18:52:43.036  INFO  TestBase - Registration  negative scenario with wrong password was used dataUser{name='Lila', lastname='Snow', email='lila@mail.com', password='Lila', phone='null'}
18:52:43.037  INFO  manager.ListenerWD - Before Find Element By -->By.xpath: //a[text()=' Sign up ']
18:52:43.080  INFO  manager.ListenerWD - After Find Element By -->By.xpath: //a[text()=' Sign up ']
18:52:43.221  INFO  manager.ListenerWD - Before Find Element By -->By.id: name
18:52:43.344  INFO  manager.ListenerWD - After Find Element By -->By.id: name
18:52:43.817  INFO  manager.ListenerWD - Before Find Element By -->By.id: lastName
18:52:43.873  INFO  manager.ListenerWD - After Find Element By -->By.id: lastName
18:52:44.068  INFO  manager.ListenerWD - Before Find Element By -->By.id: email
18:52:44.119  INFO  manager.ListenerWD - After Find Element By -->By.id: email
18:52:44.504  INFO  manager.ListenerWD - Before Find Element By -->By.id: password
18:52:44.595  INFO  manager.ListenerWD - After Find Element By -->By.id: password
18:52:44.996  INFO  manager.ListenerWD - Before Find Element By -->By.cssSelector: label[for='terms-of-use']
18:52:45.067  INFO  manager.ListenerWD - After Find Element By -->By.cssSelector: label[for='terms-of-use']
18:52:45.277  INFO  manager.ListenerWD - Before Find Element By -->By.cssSelector: button[type='submit']
18:52:45.323  INFO  manager.ListenerWD - After Find Element By -->By.cssSelector: button[type='submit']
18:52:45.376  INFO  manager.ListenerWD - Before Find Elements By -->By.cssSelector: button[disabled]
18:52:45.407  INFO  manager.ListenerWD - After Find Elements By -->By.cssSelector: button[disabled]
18:52:45.407  INFO  manager.ListenerWD - List size is -->1
18:52:45.408  INFO  manager.ListenerWD - Before Find Element By -->By.cssSelector: [type='submit']
18:52:45.450  INFO  manager.ListenerWD - After Find Element By -->By.cssSelector: [type='submit']
18:52:45.470  INFO  TestBase - The Y'alla button was not active
18:52:45.483  INFO  manager.ListenerWD - Before Find Elements By -->By.xpath: //button[text()='Ok']
18:52:50.540  INFO  manager.ListenerWD - After Find Elements By -->By.xpath: //button[text()='Ok']
18:52:50.541  INFO  manager.ListenerWD - List size is -->0
18:52:50.542  INFO  manager.HelperBase - Click OK button was needed
18:52:50.554  INFO  TestBase - Start Method with name --->loginSuccessModels
18:52:50.557  INFO  manager.ListenerWD - Before Find Elements By -->By.xpath: //a[text()=' Logout ']
18:52:55.569  INFO  manager.ListenerWD - After Find Elements By -->By.xpath: //a[text()=' Logout ']
18:52:55.569  INFO  manager.ListenerWD - List size is -->0
18:52:55.570  INFO  TestBase - Login scenario success was used dataUser{name='null', lastname='null', email='noa@gmail.com', password='Nnoa12345$', phone='null'}
18:52:55.570  INFO  manager.ListenerWD - Before Find Element By -->By.xpath: //a[text()='Log in']
18:52:55.605  INFO  manager.ListenerWD - After Find Element By -->By.xpath: //a[text()='Log in']
18:52:56.185  INFO  manager.ListenerWD - Before Find Element By -->By.id: email
18:52:56.220  INFO  manager.ListenerWD - After Find Element By -->By.id: email
18:52:56.654  INFO  manager.ListenerWD - Before Find Element By -->By.id: password
18:52:56.715  INFO  manager.ListenerWD - After Find Element By -->By.id: password
18:52:57.164  INFO  manager.ListenerWD - Before Find Element By -->By.cssSelector: button[type='submit']
18:52:57.201  INFO  manager.ListenerWD - After Find Element By -->By.cssSelector: button[type='submit']
18:52:57.272  INFO  manager.ListenerWD - Before Find Element By -->By.cssSelector: button[type='submit']
18:52:57.296  INFO  manager.ListenerWD - After Find Element By -->By.cssSelector: button[type='submit']
18:52:57.423  INFO  manager.ListenerWD - Before Find Element By -->By.cssSelector: div.dialog-container
18:52:58.681  INFO  manager.ListenerWD - After Find Element By -->By.cssSelector: div.dialog-container
18:52:58.768  INFO  manager.ListenerWD - Before Find Element By -->By.cssSelector: h2.message
18:52:58.792  INFO  manager.ListenerWD - After Find Element By -->By.cssSelector: h2.message
18:52:58.816  INFO  TestBase - In assert checked message 'Logged in success' in dialog  
18:52:58.817  INFO  manager.ListenerWD - Before Find Elements By -->By.xpath: //button[text()='Ok']
18:52:58.839  INFO  manager.ListenerWD - After Find Elements By -->By.xpath: //button[text()='Ok']
18:52:58.840  INFO  manager.ListenerWD - List size is -->1
18:52:58.841  INFO  manager.ListenerWD - Before Find Element By -->By.xpath: //button[text()='Ok']
18:52:58.869  INFO  manager.ListenerWD - After Find Element By -->By.xpath: //button[text()='Ok']
18:52:58.994  INFO  manager.HelperBase - Click OK button was needed
18:52:59.001  INFO  TestBase - Start Method with name --->addCarSuccess
18:52:59.002  INFO  manager.ListenerWD - Before Find Elements By -->By.xpath: //a[text()=' Logout ']
18:52:59.066  INFO  manager.ListenerWD - After Find Elements By -->By.xpath: //a[text()=' Logout ']
18:52:59.067  INFO  manager.ListenerWD - List size is -->1
18:52:59.072  INFO  TestBase - The test used car model : Car(location=Haifa, Israel, make=BMW, model=M5, year=2020, engine=2.5, fuel=Petrol, gear=AT, wD=AWD, doors=5, seats=4, clasS=C, fuelConsumption=6.5, carRegistrationNumber=11-000-1879, price=65, distanceIncluded=800, features=Type of features, about=very nice car)
18:52:59.581  INFO  manager.ListenerWD - Before Find Element By -->By.id: 1
18:52:59.616  INFO  manager.ListenerWD - After Find Element By -->By.id: 1
18:52:59.753  INFO  manager.ListenerWD - Before Find Element By -->By.id: pickUpPlace
18:52:59.801  INFO  manager.ListenerWD - After Find Element By -->By.id: pickUpPlace
18:53:00.255  INFO  manager.ListenerWD - Before Find Element By -->By.cssSelector: div.pac-item
18:53:00.633  INFO  manager.ListenerWD - After Find Element By -->By.cssSelector: div.pac-item
18:53:01.276  INFO  manager.ListenerWD - Before Find Element By -->By.id: make
18:53:01.301  INFO  manager.ListenerWD - After Find Element By -->By.id: make
18:53:01.693  INFO  manager.ListenerWD - Before Find Element By -->By.id: model
18:53:01.730  INFO  manager.ListenerWD - After Find Element By -->By.id: model
18:53:01.986  INFO  manager.ListenerWD - Before Find Element By -->By.id: year
18:53:02.052  INFO  manager.ListenerWD - After Find Element By -->By.id: year
18:53:02.571  INFO  manager.ListenerWD - Before Find Element By -->By.id: engine
18:53:02.620  INFO  manager.ListenerWD - After Find Element By -->By.id: engine
18:53:03.003  INFO  manager.ListenerWD - Before Find Element By -->By.id: fuel
18:53:03.038  INFO  manager.ListenerWD - After Find Element By -->By.id: fuel
18:53:03.208  INFO  manager.ListenerWD - Before Find Element By -->By.id: gear
18:53:03.275  INFO  manager.ListenerWD - After Find Element By -->By.id: gear
18:53:03.529  INFO  manager.ListenerWD - Before Find Element By -->By.id: wheelsDrive
18:53:03.589  INFO  manager.ListenerWD - After Find Element By -->By.id: wheelsDrive
18:53:03.856  INFO  manager.ListenerWD - Before Find Element By -->By.id: doors
18:53:03.904  INFO  manager.ListenerWD - After Find Element By -->By.id: doors
18:53:04.319  INFO  manager.ListenerWD - Before Find Element By -->By.id: seats
18:53:04.423  INFO  manager.ListenerWD - After Find Element By -->By.id: seats
18:53:04.707  INFO  manager.ListenerWD - Before Find Element By -->By.id: class
18:53:04.764  INFO  manager.ListenerWD - After Find Element By -->By.id: class
18:53:05.062  INFO  manager.ListenerWD - Before Find Element By -->By.id: fuelConsumption
18:53:05.107  INFO  manager.ListenerWD - After Find Element By -->By.id: fuelConsumption
18:53:05.532  INFO  manager.ListenerWD - Before Find Element By -->By.id: serialNumber
18:53:05.574  INFO  manager.ListenerWD - After Find Element By -->By.id: serialNumber
18:53:05.985  INFO  manager.ListenerWD - Before Find Element By -->By.id: price
18:53:06.033  INFO  manager.ListenerWD - After Find Element By -->By.id: price
18:53:06.396  INFO  manager.ListenerWD - Before Find Element By -->By.id: distance
18:53:06.435  INFO  manager.ListenerWD - After Find Element By -->By.id: distance
18:53:06.771  INFO  manager.ListenerWD - Before Find Element By -->By.cssSelector: .feature-input
18:53:06.840  INFO  manager.ListenerWD - After Find Element By -->By.cssSelector: .feature-input
18:53:07.142  INFO  manager.ListenerWD - Before Find Element By -->By.id: about
18:53:07.200  INFO  manager.ListenerWD - After Find Element By -->By.id: about
18:53:07.467  INFO  manager.ListenerWD - Before Find Element By -->By.id: photos
18:53:07.496  INFO  manager.ListenerWD - After Find Element By -->By.id: photos
18:53:07.596  INFO  manager.ListenerWD - Before Find Element By -->By.cssSelector: button[type='submit']
18:53:07.615  INFO  manager.ListenerWD - After Find Element By -->By.cssSelector: button[type='submit']
18:53:08.717  INFO  manager.ListenerWD - Before Find Element By -->By.cssSelector: button[type='submit']
18:53:08.733  INFO  manager.ListenerWD - After Find Element By -->By.cssSelector: button[type='submit']
18:53:08.864  INFO  manager.ListenerWD - Before Find Element By -->By.cssSelector: div.dialog-container
18:53:11.315  INFO  manager.ListenerWD - After Find Element By -->By.cssSelector: div.dialog-container
18:53:11.358  INFO  manager.ListenerWD - Before Find Element By -->By.cssSelector: div.dialog-container>h1
18:53:11.397  INFO  manager.ListenerWD - After Find Element By -->By.cssSelector: div.dialog-container>h1
18:53:11.457  INFO  TestBase - In assert checked message 'Car added' in dialog  
18:53:11.459  INFO  manager.ListenerWD - Before Find Element By -->By.xpath: //button[text()='Search cars']
18:53:11.487  INFO  manager.ListenerWD - After Find Element By -->By.xpath: //button[text()='Search cars']
18:53:11.579  INFO  manager.HelperBase - We returned to Home Page
18:53:11.586  INFO  TestBase - Start Method with name --->searchNextMonthSuccess
18:53:11.588  INFO  manager.ListenerWD - Before Find Element By -->By.cssSelector: .header a.logo
18:53:11.633  INFO  manager.ListenerWD - After Find Element By -->By.cssSelector: .header a.logo
18:53:12.406  INFO  manager.ListenerWD - Before Find Element By -->By.id: city
18:53:12.482  INFO  manager.ListenerWD - After Find Element By -->By.id: city
18:53:13.533  INFO  manager.ListenerWD - Before Find Element By -->By.cssSelector: div.pac-item
18:53:13.552  INFO  manager.ListenerWD - After Find Element By -->By.cssSelector: div.pac-item
18:53:13.592  INFO  manager.ListenerWD - Before Find Element By -->By.id: dates
18:53:13.655  INFO  manager.ListenerWD - After Find Element By -->By.id: dates
18:53:13.656  INFO  manager.HelperBase - OS is --->Mac OS X
18:53:13.904  INFO  manager.ListenerWD - Before Find Element By -->By.id: dates
18:53:13.937  INFO  manager.ListenerWD - After Find Element By -->By.id: dates
18:53:14.166  INFO  manager.ListenerWD - Before Find Element By -->By.cssSelector: button[aria-label='Next month']
18:53:14.204  INFO  manager.ListenerWD - After Find Element By -->By.cssSelector: button[aria-label='Next month']
18:53:14.354  INFO  manager.ListenerWD - Before Find Element By -->By.xpath: //div[text()=' 25 ']
18:53:14.386  INFO  manager.ListenerWD - After Find Element By -->By.xpath: //div[text()=' 25 ']
18:53:14.522  INFO  manager.ListenerWD - Before Find Element By -->By.xpath: //div[text()=' 30 ']
18:53:14.562  INFO  manager.ListenerWD - After Find Element By -->By.xpath: //div[text()=' 30 ']
18:53:14.671  INFO  manager.ListenerWD - Before Find Element By -->By.cssSelector: button[type='submit']
18:53:14.771  INFO  manager.ListenerWD - After Find Element By -->By.cssSelector: button[type='submit']
18:53:14.901  INFO  manager.ListenerWD - Before Find Element By -->By.cssSelector: button[type='submit']
18:53:14.945  INFO  manager.ListenerWD - After Find Element By -->By.cssSelector: button[type='submit']
18:53:15.142  INFO  manager.ListenerWD - Before Find Elements By -->By.cssSelector: a.car-container
18:53:16.319  INFO  manager.ListenerWD - After Find Elements By -->By.cssSelector: a.car-container
18:53:16.319  INFO  manager.ListenerWD - List size is -->10
