18:20:50.922  INFO  manager.ApplicationManager - All tests start in  ChromeDriver
18:20:53.479  INFO  manager.ApplicationManager - The current url is --->https://ilcarro-1578153671498.web.app/search
18:20:53.514  INFO  TestBase - Start Method with name --->searchInPast
18:20:53.518  INFO  manager.ListenerWD - Before Find Element By -->By.id: city
18:20:53.582  INFO  manager.ListenerWD - After Find Element By -->By.id: city
18:20:54.091  INFO  manager.ListenerWD - Before Find Element By -->By.cssSelector: div.pac-item
18:20:54.434  INFO  manager.ListenerWD - After Find Element By -->By.cssSelector: div.pac-item
18:20:54.612  INFO  manager.ListenerWD - Before Find Element By -->By.id: dates
18:20:54.667  INFO  manager.ListenerWD - After Find Element By -->By.id: dates
18:20:55.567  INFO  manager.ListenerWD - Before Find Element By -->By.cssSelector: button[type='submit']
18:20:55.633  INFO  manager.ListenerWD - After Find Element By -->By.cssSelector: button[type='submit']
18:20:56.792  INFO  manager.ListenerWD - We have a 'problem'
18:20:56.793  INFO  manager.ListenerWD - The name of error method  click
18:20:56.819  INFO  manager.ListenerWD - Describe of error org.openqa.selenium.ElementClickInterceptedException: element click intercepted: Element <button _ngcontent-wqm-c72="" type="submit" disabled="">...</button> is not clickable at point (207, 409). Other element would receive the click: <span class="mat-button-wrapper">...</span>
  (Session info: chrome=106.0.5249.119)
Build info: version: '4.4.0', revision: 'e5c75ed026a'
System info: host: 'MacBook-Pro-Taya.local', ip: '192.168.0.100', os.name: 'Mac OS X', os.arch: 'x86_64', os.version: '11.6.5', java.version: '11.0.15.1'
Driver info: org.openqa.selenium.chrome.ChromeDriver
Command: [49052bac5333b6a59b454d05831c72aa, clickElement {id=c3e51bc4-e7a2-4ce4-b270-634e49d6df36}]
Capabilities {acceptInsecureCerts: false, browserName: chrome, browserVersion: 106.0.5249.119, chrome: {chromedriverVersion: 105.0.5195.52 (412c95e51883..., userDataDir: /var/folders/s_/hl4vhy0959g...}, goog:chromeOptions: {debuggerAddress: localhost:59173}, networkConnectionEnabled: false, pageLoadStrategy: normal, platformName: MAC, proxy: Proxy(), se:cdp: ws://localhost:59173/devtoo..., se:cdpVersion: 106.0.5249.119, setWindowRect: true, strictFileInteractability: false, timeouts: {implicit: 0, pageLoad: 300000, script: 30000}, unhandledPromptBehavior: dismiss and notify, webauthn:extension:credBlob: true, webauthn:extension:largeBlob: true, webauthn:virtualAuthenticators: true}
Element: [[ChromeDriver: chrome on MAC (49052bac5333b6a59b454d05831c72aa)] -> css selector: button[type='submit']]
Session ID: 49052bac5333b6a59b454d05831c72aa
18:20:56.820  INFO  manager.ListenerWD - *********************
18:20:56.820  INFO  manager.ListenerWD - [[ChromeDriver: chrome on MAC (49052bac5333b6a59b454d05831c72aa)] -> css selector: button[type='submit']]
18:20:56.838  INFO  manager.ListenerWD - Screen with error is  1595 ****src/test/screenshots/screen1595.png
